<?xml version="1.0" encoding="UTF-8"?>
<!-- Generated by org.testng.reporters.JUnitReportReporter -->
<testsuite hostname="Dell-PC" failures="0" tests="4" name="sample.Test125" time="0.011" errors="0" timestamp="6 Oct 2021 14:31:58 GMT">
  <testcase classname="sample.Test125" name="mul" time="0.002"/>
  <testcase classname="sample.Test125" name="sub" time="0.004"/>
  <testcase classname="sample.Test125" name="sum" time="0.003"/>
  <testcase classname="sample.Test125" name="div" time="0.002"/>
</testsuite> <!-- sample.Test125 -->
