<?xml version="1.0" encoding="UTF-8"?>
<!-- Generated by org.testng.reporters.JUnitReportReporter -->
<testsuite hostname="Dell-PC" failures="0" tests="4" name="sample.Test123" time="0.009" errors="0" timestamp="6 Oct 2021 14:31:58 GMT">
  <testcase classname="sample.Test123" name="div" time="0.002"/>
  <testcase classname="sample.Test123" name="sub" time="0.002"/>
  <testcase classname="sample.Test123" name="sum" time="0.002"/>
  <testcase classname="sample.Test123" name="mul" time="0.003"/>
</testsuite> <!-- sample.Test123 -->
