<?xml version="1.0" encoding="UTF-8"?>
<!-- Generated by org.testng.reporters.JUnitReportReporter -->
<testsuite hostname="Dell-PC" name="sample.Test124" tests="4" failures="0" timestamp="6 Oct 2021 18:11:35 GMT" time="0.004" errors="0">
  <testcase name="div" time="0.000" classname="sample.Test124"/>
  <testcase name="sum" time="0.003" classname="sample.Test124"/>
  <testcase name="mul" time="0.001" classname="sample.Test124"/>
  <testcase name="sub" time="0.000" classname="sample.Test124"/>
</testsuite> <!-- sample.Test124 -->
